#
# There is insufficient memory for the Java Runtime Environment to continue.
# Native memory allocation (mmap) failed to map 65011712 bytes for Failed to commit area from 0x00000000c3e00000 to 0x00000000c7c00000 of length 65011712.
# Possible reasons:
#   The system is out of physical RAM or swap space
#   The process is running with CompressedOops enabled, and the Java Heap may be blocking the growth of the native heap
# Possible solutions:
#   Reduce memory load on the system
#   Increase physical memory or swap space
#   Check if swap backing store is full
#   Decrease Java heap size (-Xmx/-Xms)
#   Decrease number of Java threads
#   Decrease Java thread stack sizes (-Xss)
#   Set larger code cache with -XX:ReservedCodeCacheSize=
#   JVM is running with Unscaled Compressed Oops mode in which the Java heap is
#     placed in the first 4GB address space. The Java Heap base address is the
#     maximum limit for the native heap growth. Please use -XX:HeapBaseMinAddress
#     to set the Java Heap base and to place the Java Heap above 4GB virtual address.
# This output file may be truncated or incomplete.
#
#  Out of Memory Error (./open/src/hotspot/os/windows/os_windows.cpp:3315), pid=16768, tid=24824
#
# JRE version:  (14.0.2+12) (build )
# Java VM: Java HotSpot(TM) 64-Bit Server VM (14.0.2+12-46, mixed mode, sharing, tiered, compressed oops, g1 gc, windows-amd64)
# No core dump will be written. Minidumps are not enabled by default on client versions of Windows
#

---------------  S U M M A R Y ------------

Command Line: -ea -Dfile.encoding=UTF-8 org.eclipse.jdt.internal.junit.runner.RemoteTestRunner -version 3 -port 61951 -testLoaderClass org.eclipse.jdt.internal.junit4.runner.JUnit4TestLoader -loaderpluginname org.eclipse.jdt.junit4.runtime -classNames testRunner.TestRunner

Host: Intel(R) Core(TM) i3-10110U CPU @ 2.10GHz, 4 cores, 3G,  Windows 10 , 64 bit Build 26100 (10.0.26100.4768)
Time: Wed Oct  8 14:08:22 2025 India Standard Time elapsed time: 0 seconds (0d 0h 0m 0s)

---------------  T H R E A D  ---------------

Current thread (0x0000021484b07000):  JavaThread "Unknown thread" [_thread_in_vm, id=24824, stack(0x000000eb2a200000,0x000000eb2a300000)]

Stack: [0x000000eb2a200000,0x000000eb2a300000]
Native frames: (J=compiled Java code, j=interpreted, Vv=VM code, C=native code)
V  [jvm.dll+0x5f8a9a]
V  [jvm.dll+0x74247a]
V  [jvm.dll+0x743c2f]
V  [jvm.dll+0x744273]
V  [jvm.dll+0x20d288]
V  [jvm.dll+0x5f5dea]
V  [jvm.dll+0x5eac45]
V  [jvm.dll+0x2c7e9c]
V  [jvm.dll+0x2c7cd2]
V  [jvm.dll+0x2cdbbc]
V  [jvm.dll+0x313fe8]
V  [jvm.dll+0x313710]
V  [jvm.dll+0x2a092a]
V  [jvm.dll+0x2a1a79]
V  [jvm.dll+0x71fd48]
V  [jvm.dll+0x321c14]
V  [jvm.dll+0x70112c]
V  [jvm.dll+0x392def]
V  [jvm.dll+0x394e61]
C  [jli.dll+0x524b]
C  [ucrtbase.dll+0x37b0]
C  [KERNEL32.DLL+0x2e8d7]
C  [ntdll.dll+0x3c34c]


---------------  P R O C E S S  ---------------

Threads class SMR info:
_java_thread_list=0x00007fff853d3038, length=0, elements={
}

Java Threads: ( => current thread )

Other Threads:
  0x0000021484b35800 GCTaskThread "GC Thread#0" [stack: 0x000000eb2a300000,0x000000eb2a400000] [id=13984]
  0x0000021484b3f800 ConcurrentGCThread "G1 Main Marker" [stack: 0x000000eb2a400000,0x000000eb2a500000] [id=10484]
  0x0000021484b42000 ConcurrentGCThread "G1 Conc#0" [stack: 0x000000eb2a500000,0x000000eb2a600000] [id=24812]

[error occurred during error reporting (printing all threads), id 0xc0000005, EXCEPTION_ACCESS_VIOLATION (0xc0000005) at pc=0x00007fff84c01257]

VM state:not at safepoint (not fully initialized)

VM Mutex/Monitor currently owned by a thread:  ([mutex/lock_event])
[0x0000021484b03710] Heap_lock - owner thread: 0x0000021484b07000

Heap address: 0x00000000c3e00000, size: 962 MB, Compressed Oops mode: 32-bit
Narrow klass base: 0x0000000000000000, Narrow klass shift: 0

GC Heap History (0 events):
No events

Deoptimization events (0 events):
No events

Classes unloaded (0 events):
No events

Classes redefined (0 events):
No events

Internal exceptions (0 events):
No events

Events (2 events):
Event: 0.162 Loaded shared library C:\Program Files\Java\jdk-14.0.2\bin\java.dll
Event: 0.172 Loaded shared library C:\Program Files\Java\jdk-14.0.2\bin\zip.dll


Dynamic libraries:
0x00007ff696f30000 - 0x00007ff696f3f000 	C:\Program Files\Java\jdk-14.0.2\bin\javaw.exe
0x00007ff853740000 - 0x00007ff8539a7000 	C:\WINDOWS\SYSTEM32\ntdll.dll
0x00007ff851da0000 - 0x00007ff851e69000 	C:\WINDOWS\System32\KERNEL32.DLL
0x00007ff850be0000 - 0x00007ff850fd0000 	C:\WINDOWS\System32\KERNELBASE.dll
0x00007ff8512b0000 - 0x00007ff8513fb000 	C:\WINDOWS\System32\ucrtbase.dll
0x00007ff83c1a0000 - 0x00007ff83c1b8000 	C:\Program Files\Java\jdk-14.0.2\bin\jli.dll
0x00007ff851c70000 - 0x00007ff851d24000 	C:\WINDOWS\System32\ADVAPI32.dll
0x00007ff852b40000 - 0x00007ff852be9000 	C:\WINDOWS\System32\msvcrt.dll
0x00007ff852a90000 - 0x00007ff852b36000 	C:\WINDOWS\System32\sechost.dll
0x00007ff851560000 - 0x00007ff851678000 	C:\WINDOWS\System32\RPCRT4.dll
0x00007ff8522b0000 - 0x00007ff852475000 	C:\WINDOWS\System32\USER32.dll
0x00007ff8514a0000 - 0x00007ff8514c7000 	C:\WINDOWS\System32\win32u.dll
0x00007ff851c40000 - 0x00007ff851c6b000 	C:\WINDOWS\System32\GDI32.dll
0x00007ff83c180000 - 0x00007ff83c195000 	C:\Program Files\Java\jdk-14.0.2\bin\VCRUNTIME140.dll
0x00007ff832cc0000 - 0x00007ff832f5a000 	C:\WINDOWS\WinSxS\amd64_microsoft.windows.common-controls_6595b64144ccf1df_6.0.26100.4768_none_3e0c112ce331287c\COMCTL32.dll
0x00007ff850870000 - 0x00007ff8509a8000 	C:\WINDOWS\System32\gdi32full.dll
0x00007ff8509b0000 - 0x00007ff850a53000 	C:\WINDOWS\System32\msvcp_win.dll
0x00007ff83e300000 - 0x00007ff83e30b000 	C:\WINDOWS\SYSTEM32\VERSION.dll
0x00007ff853610000 - 0x00007ff85363f000 	C:\WINDOWS\System32\IMM32.DLL
0x00007ff832310000 - 0x00007ff8323ab000 	C:\Program Files\Java\jdk-14.0.2\bin\msvcp140.dll
0x00007fff84950000 - 0x00007fff8546e000 	C:\Program Files\Java\jdk-14.0.2\bin\server\jvm.dll
0x00007ff851e70000 - 0x00007ff851e78000 	C:\WINDOWS\System32\PSAPI.DLL
0x00007ff83b970000 - 0x00007ff83b97a000 	C:\WINDOWS\SYSTEM32\WSOCK32.dll
0x00007ff8514d0000 - 0x00007ff851544000 	C:\WINDOWS\System32\WS2_32.dll
0x00007ff84ab40000 - 0x00007ff84ab75000 	C:\WINDOWS\SYSTEM32\WINMM.dll
0x00007ff84f5f0000 - 0x00007ff84f60b000 	C:\WINDOWS\SYSTEM32\kernel.appcore.dll
0x00007ff8389e0000 - 0x00007ff8389ea000 	C:\Program Files\Java\jdk-14.0.2\bin\jimage.dll
0x00007ff84b0c0000 - 0x00007ff84b301000 	C:\WINDOWS\SYSTEM32\DBGHELP.DLL
0x00007ff852700000 - 0x00007ff852a85000 	C:\WINDOWS\System32\combase.dll
0x00007ff851f00000 - 0x00007ff851fe0000 	C:\WINDOWS\System32\OLEAUT32.dll
0x00007ff821090000 - 0x00007ff8210d3000 	C:\WINDOWS\SYSTEM32\dbgcore.DLL
0x00007ff851400000 - 0x00007ff851499000 	C:\WINDOWS\System32\bcryptPrimitives.dll
0x00007ff838510000 - 0x00007ff838535000 	C:\Program Files\Java\jdk-14.0.2\bin\java.dll
0x00007ff838300000 - 0x00007ff838316000 	C:\Program Files\Java\jdk-14.0.2\bin\zip.dll

dbghelp: loaded successfully - version: 4.0.5 - missing functions: none
symbol engine: initialized successfully - sym options: 0x614 - pdb path: .;C:\Program Files\Java\jdk-14.0.2\bin;C:\WINDOWS\SYSTEM32;C:\WINDOWS\WinSxS\amd64_microsoft.windows.common-controls_6595b64144ccf1df_6.0.26100.4768_none_3e0c112ce331287c;C:\Program Files\Java\jdk-14.0.2\bin\server

VM Arguments:
jvm_args: -ea -Dfile.encoding=UTF-8 
java_command: org.eclipse.jdt.internal.junit.runner.RemoteTestRunner -version 3 -port 61951 -testLoaderClass org.eclipse.jdt.internal.junit4.runner.JUnit4TestLoader -loaderpluginname org.eclipse.jdt.junit4.runtime -classNames testRunner.TestRunner
java_class_path (initial): D:\opencart_cucumber_framework (1)\opencart_cucumber_framework\target\test-classes;D:\opencart_cucumber_framework (1)\opencart_cucumber_framework\target\classes;C:\Users\ALOK\.m2\repository\org\seleniumhq\selenium\selenium-java\3.141.59\selenium-java-3.141.59.jar;C:\Users\ALOK\.m2\repository\org\seleniumhq\selenium\selenium-api\3.141.59\selenium-api-3.141.59.jar;C:\Users\ALOK\.m2\repository\org\seleniumhq\selenium\selenium-chrome-driver\3.141.59\selenium-chrome-driver-3.141.59.jar;C:\Users\ALOK\.m2\repository\org\seleniumhq\selenium\selenium-edge-driver\3.141.59\selenium-edge-driver-3.141.59.jar;C:\Users\ALOK\.m2\repository\org\seleniumhq\selenium\selenium-firefox-driver\3.141.59\selenium-firefox-driver-3.141.59.jar;C:\Users\ALOK\.m2\repository\org\seleniumhq\selenium\selenium-ie-driver\3.141.59\selenium-ie-driver-3.141.59.jar;C:\Users\ALOK\.m2\repository\org\seleniumhq\selenium\selenium-opera-driver\3.141.59\selenium-opera-driver-3.141.59.jar;C:\Users\ALOK\.m2\repository\org\seleniumhq\selenium\selenium-remote-driver\3.141.59\selenium-remote-driver-3.141.59.jar;C:\Users\ALOK\.m2\repository\org\seleniumhq\selenium\selenium-safari-driver\3.141.59\selenium-safari-driver-3.141.59.jar;C:\Users\ALOK\.m2\repository\org\seleniumhq\selenium\selenium-support\3.141.59\selenium-support-3.141.59.jar;C:\Users\ALOK\.m2\repository\net\bytebuddy\byte-buddy\1.8.15\byte-buddy-1.8.15.jar;C:\Users\ALOK\.m2\repository\org\apache\commons\commons-exec\1.3\commons-exec-1.3.jar;C:\Users\ALOK\.m2\repository\com\google\guava\guava\25.0-jre\guava-25.0-jre.jar;C:\Users\ALOK\.m2\repository\com\google\code\findbugs\jsr305\1.3.9\jsr305-1.3.9.jar;C:\Users\ALOK\.m2\repository\org\checkerframework\checker-compat-qual\2.0.0\checker-compat-qual-2.0.0.jar;C:\Users\ALOK\.m2\repository\com\google\errorprone\error_prone_annotations\2.1.3\error_prone_annotations-2.1.3.jar;C:\Users\ALOK\.m2\repository\com\google\j2objc\j2objc-annotations\1.1\j2objc-annotations-1.1.jar;C:\Users\AL
Launcher Type: SUN_STANDARD

[Global flags]
     intx CICompilerCount                          = 3                                         {product} {ergonomic}
     uint ConcGCThreads                            = 1                                         {product} {ergonomic}
     uint G1ConcRefinementThreads                  = 4                                         {product} {ergonomic}
   size_t G1HeapRegionSize                         = 1048576                                   {product} {ergonomic}
    uintx GCDrainStackTargetSize                   = 64                                        {product} {ergonomic}
   size_t InitialHeapSize                          = 65011712                                  {product} {ergonomic}
   size_t MarkStackSize                            = 4194304                                   {product} {ergonomic}
   size_t MaxHeapSize                              = 1008730112                                {product} {ergonomic}
   size_t MinHeapDeltaBytes                        = 1048576                                   {product} {ergonomic}
   size_t MinHeapSize                              = 8388608                                   {product} {ergonomic}
    uintx NonNMethodCodeHeapSize                   = 5832780                                {pd product} {ergonomic}
    uintx NonProfiledCodeHeapSize                  = 122912730                              {pd product} {ergonomic}
    uintx ProfiledCodeHeapSize                     = 122912730                              {pd product} {ergonomic}
    uintx ReservedCodeCacheSize                    = 251658240                              {pd product} {ergonomic}
     bool SegmentedCodeCache                       = true                                      {product} {ergonomic}
   size_t SoftMaxHeapSize                          = 1008730112                             {manageable} {ergonomic}
     bool UseCompressedClassPointers               = true                                 {lp64_product} {ergonomic}
     bool UseCompressedOops                        = true                                 {lp64_product} {ergonomic}
     bool UseG1GC                                  = true                                      {product} {ergonomic}
     bool UseLargePagesIndividualAllocation        = false                                  {pd product} {ergonomic}

Logging:
Log output configuration:
 #0: stdout all=warning uptime,level,tags
 #1: stderr all=off uptime,level,tags

Environment Variables:
JAVA_HOME=C:\Users\ALOK\java\jdk-23.0.2
PATH=C:/Users/ALOK/java/jdk-23.0.2/bin/server;C:/Users/ALOK/java/jdk-23.0.2/bin;C:\WINDOWS\system32;C:\WINDOWS;C:\WINDOWS\System32\Wbem;C:\WINDOWS\System32\WindowsPowerShell\v1.0\;C:\WINDOWS\System32\OpenSSH\;C:\Program Files\nodejs\;C:\Program Files\dotnet\;C:\Program Files\Git\cmd;C:\Users\ALOK\apache-maven-3.9.9\bin;C:\Users\ALOK\java\jdk-23.0.2\bin;C:\Users\ALOK\AppData\Local\Microsoft\WindowsApps;;C:\Users\ALOK\AppData\Local\Programs\Microsoft VS Code\bin;C:\Users\ALOK\AppData\Roaming\npm;C:\WINDOWS\system32;
USERNAME=ALOK
OS=Windows_NT
PROCESSOR_IDENTIFIER=Intel64 Family 6 Model 142 Stepping 12, GenuineIntel



---------------  S Y S T E M  ---------------

OS: Windows 10 , 64 bit Build 26100 (10.0.26100.4768)
OS uptime: 3 days 7:45 hours

CPU:total 4 (initial active 4) (2 cores per cpu, 2 threads per core) family 6 model 142 stepping 12, cmov, cx8, fxsr, mmx, sse, sse2, sse3, ssse3, sse4.1, sse4.2, popcnt, avx, avx2, aes, clmul, erms, 3dnowpref, lzcnt, ht, tsc, tscinvbit, bmi1, bmi2, adx, fma

Memory: 4k page, system-wide physical 3846M (54M free)
TotalPageFile size 15622M (AvailPageFile size 43M)
current process WorkingSet (physical memory assigned to process): 11M, peak: 11M
current process commit charge ("private bytes"): 51M, peak: 113M

vm_info: Java HotSpot(TM) 64-Bit Server VM (14.0.2+12-46) for windows-amd64 JRE (14.0.2+12-46), built on Jul  9 2020 00:35:52 by "mach5one" with MS VC++ 15.9 (VS2017)

END.
